<?xml version="1.0" encoding="UTF-8"?>
<!-- Generated by org.testng.reporters.JUnitReportReporter -->
<testsuite hostname="DESKTOP-J7DCQRE" failures="0" tests="1" name="product21.first.FirstTest" time="6.016" errors="0" timestamp="2024-09-24T15:03:14 IST" skipped="0">
  <testcase classname="product21.first.FirstTest" name="test1" time="6.016"/>
</testsuite> <!-- product21.first.FirstTest -->
