<?xml version="1.0" encoding="UTF-8"?>
<!-- Generated by org.testng.reporters.JUnitReportReporter -->
<testsuite hostname="DESKTOP-J7DCQRE" failures="0" tests="1" name="product21.first.AutoIT" time="9.148" errors="0" timestamp="2024-09-26T15:03:53 IST" skipped="0">
  <testcase classname="product21.first.AutoIT" name="upload" time="9.148"/>
</testsuite> <!-- product21.first.AutoIT -->
