<?xml version="1.0" encoding="UTF-8"?>
<!-- Generated by org.testng.reporters.JUnitReportReporter -->
<testsuite hostname="DESKTOP-J7DCQRE" failures="0" tests="1" name="product21.first.Test2" time="13.434" errors="0" timestamp="2024-09-24T14:54:22 IST" skipped="0">
  <testcase classname="product21.first.Test2" name="test2" time="13.434"/>
</testsuite> <!-- product21.first.Test2 -->
